Using pre-set license
Built from '2020.3/staging' branch; Version is '2020.3.11f1 (99c7afb366b3) revision 10078127'; Using compiler version '192528614'; Build Type 'Release'
OS: 'Windows 10 Pro; OS build 19042.1110; Version 2009; 64bit' Language: 'en' Physical Memory: 12178 MB
BatchMode: 1, IsHumanControllingUs: 0, StartBugReporterOnCrash: 0, Is64bit: 1, IsPro: 0

 COMMAND LINE ARGUMENTS:
C:\Program Files\Unity\Hub\Editor\2020.3.11f1\Editor\Unity.exe
-adb2
-batchMode
-noUpm
-name
AssetImportWorker0
-projectPath
E:/new projects/new gethub repo/Dynamic_UI_Unity3d/Dynamic_UI_Unity3d
-logFile
Logs/AssetImportWorker0.log
-srvPort
58169
Successfully changed project path to: E:/new projects/new gethub repo/Dynamic_UI_Unity3d/Dynamic_UI_Unity3d
E:/new projects/new gethub repo/Dynamic_UI_Unity3d/Dynamic_UI_Unity3d
Using Asset Import Pipeline V2.
Refreshing native plugins compatible for Editor in 83.12 ms, found 2 plugins.
Preloading 0 native plugins for Editor in 0.00 ms.
Initialize engine version: 2020.3.11f1 (99c7afb366b3)
[Subsystems] Discovering subsystems at path C:/Program Files/Unity/Hub/Editor/2020.3.11f1/Editor/Data/Resources/UnitySubsystems
[Subsystems] Discovering subsystems at path E:/new projects/new gethub repo/Dynamic_UI_Unity3d/Dynamic_UI_Unity3d/Assets
GfxDevice: creating device client; threaded=0
Direct3D:
    Version:  Direct3D 11.0 [level 11.1]
    Renderer: AMD Radeon(TM) R5 M430 (ID=0x6660)
    Vendor:   
    VRAM:     2039 MB
    Driver:   22.19.128.5
Initialize mono
Mono path[0] = 'C:/Program Files/Unity/Hub/Editor/2020.3.11f1/Editor/Data/Managed'
Mono path[1] = 'C:/Program Files/Unity/Hub/Editor/2020.3.11f1/Editor/Data/MonoBleedingEdge/lib/mono/unityjit'
Mono config path = 'C:/Program Files/Unity/Hub/Editor/2020.3.11f1/Editor/Data/MonoBleedingEdge/etc'
Using monoOptions --debugger-agent=transport=dt_socket,embedding=1,server=y,suspend=n,address=127.0.0.1:56800
Begin MonoManager ReloadAssembly
Registering precompiled unity dll's ...
Register platform support module: C:/Program Files/Unity/Hub/Editor/2020.3.11f1/Editor/Data/PlaybackEngines/WebGLSupport/UnityEditor.WebGL.Extensions.dll
Register platform support module: C:/Program Files/Unity/Hub/Editor/2020.3.11f1/Editor/Data/PlaybackEngines/WindowsStandaloneSupport/UnityEditor.WindowsStandalone.Extensions.dll
Registered in 0.096036 seconds.
Native extension for WindowsStandalone target not found
Native extension for WebGL target not found
Refreshing native plugins compatible for Editor in 245.91 ms, found 2 plugins.
Preloading 0 native plugins for Editor in 0.00 ms.
Mono: successfully reloaded assembly
- Completed reload, in 16.265 seconds
Platform modules already initialized, skipping
Registering precompiled user dll's ...
Registered in 0.008955 seconds.
Begin MonoManager ReloadAssembly
Native extension for WindowsStandalone target not found
Native extension for WebGL target not found
Refreshing native plugins compatible for Editor in 0.40 ms, found 2 plugins.
Preloading 0 native plugins for Editor in 0.00 ms.
Mono: successfully reloaded assembly
- Completed reload, in  4.053 seconds
Platform modules already initialized, skipping
========================================================================
Worker process is ready to serve import requests
Launched and connected shader compiler UnityShaderCompiler.exe after 0.12 seconds
Refreshing native plugins compatible for Editor in 0.70 ms, found 2 plugins.
Preloading 0 native plugins for Editor in 0.00 ms.
Unloading 1395 Unused Serialized files (Serialized files now loaded: 0)
System memory in use before: 65.0 MB.
System memory in use after: 65.0 MB.

Unloading 19 unused Assets to reduce memory usage. Loaded Objects now: 1829.
Total: 6.353600 ms (FindLiveObjects: 0.304900 ms CreateObjectMapping: 0.118300 ms MarkObjects: 5.740900 ms  DeleteObjects: 0.186800 ms)

========================================================================
Received Import Request.
  path: Assets/Script/main.cs
  artifactKey: Guid(5f2e4fb415a903c47971692c5cd735de) Importer(815301076,1909f56bfc062723c751e8b465ee728b)
Start importing Assets/Script/main.cs using Guid(5f2e4fb415a903c47971692c5cd735de) Importer(815301076,1909f56bfc062723c751e8b465ee728b)  -> (artifact id: 'a05004c4cd10a94749844e147a35f6ca') in 0.067482 seconds
  Import took 0.079401 seconds .

========================================================================
Received Import Request.
  Time since last request: 36.105246 seconds.
  path: Assets/Scenes/Question_1.unity
  artifactKey: Guid(075f660fab5df554997790e1fb324db0) Importer(815301076,1909f56bfc062723c751e8b465ee728b)
Start importing Assets/Scenes/Question_1.unity using Guid(075f660fab5df554997790e1fb324db0) Importer(815301076,1909f56bfc062723c751e8b465ee728b)  -> (artifact id: '427160ed81abbecee27d2eb1ca3670d7') in 0.048408 seconds
  Import took 0.083074 seconds .

========================================================================
Received Import Request.
  Time since last request: 30.258188 seconds.
  path: Assets/Scenes/main.unity
  artifactKey: Guid(cbbafa97716835e4cb5455cfd86ae9a0) Importer(815301076,1909f56bfc062723c751e8b465ee728b)
Start importing Assets/Scenes/main.unity using Guid(cbbafa97716835e4cb5455cfd86ae9a0) Importer(815301076,1909f56bfc062723c751e8b465ee728b)  -> (artifact id: '07cb12820f185ab377c36a45aaa2f319') in 0.022443 seconds
  Import took 0.029298 seconds .

========================================================================
Received Prepare
Registering precompiled user dll's ...
Registered in 0.003807 seconds.
Begin MonoManager ReloadAssembly
Native extension for WindowsStandalone target not found
Native extension for WebGL target not found
Refreshing native plugins compatible for Editor in 0.40 ms, found 2 plugins.
Preloading 0 native plugins for Editor in 0.00 ms.
Mono: successfully reloaded assembly
- Completed reload, in  1.486 seconds
Platform modules already initialized, skipping
Refreshing native plugins compatible for Editor in 0.35 ms, found 2 plugins.
Preloading 0 native plugins for Editor in 0.00 ms.
Unloading 1390 Unused Serialized files (Serialized files now loaded: 0)
System memory in use before: 64.9 MB.
System memory in use after: 65.0 MB.

Unloading 14 unused Assets to reduce memory usage. Loaded Objects now: 1832.
Total: 3.542700 ms (FindLiveObjects: 0.261100 ms CreateObjectMapping: 0.125100 ms MarkObjects: 3.044400 ms  DeleteObjects: 0.110300 ms)

========================================================================
Received Prepare
Registering precompiled user dll's ...
Registered in 0.006734 seconds.
Begin MonoManager ReloadAssembly
Native extension for WindowsStandalone target not found
Native extension for WebGL target not found
Refreshing native plugins compatible for Editor in 0.47 ms, found 2 plugins.
Preloading 0 native plugins for Editor in 0.00 ms.
Mono: successfully reloaded assembly
- Completed reload, in  1.525 seconds
Platform modules already initialized, skipping
Refreshing native plugins compatible for Editor in 0.34 ms, found 2 plugins.
Preloading 0 native plugins for Editor in 0.00 ms.
Unloading 1390 Unused Serialized files (Serialized files now loaded: 0)
System memory in use before: 65.0 MB.
System memory in use after: 65.0 MB.

Unloading 14 unused Assets to reduce memory usage. Loaded Objects now: 1835.
Total: 2.901900 ms (FindLiveObjects: 0.178900 ms CreateObjectMapping: 0.052400 ms MarkObjects: 2.568500 ms  DeleteObjects: 0.100800 ms)

========================================================================
Received Import Request.
  Time since last request: 197.404734 seconds.
  path: Assets/Scenes/Question_2.unity
  artifactKey: Guid(710615dd571385e478c4580c678c15f4) Importer(815301076,1909f56bfc062723c751e8b465ee728b)
Start importing Assets/Scenes/Question_2.unity using Guid(710615dd571385e478c4580c678c15f4) Importer(815301076,1909f56bfc062723c751e8b465ee728b)  -> (artifact id: '2085865bda2aa8395cb75e973e098ee4') in 0.013927 seconds
  Import took 0.016954 seconds .

========================================================================
Received Import Request.
  Time since last request: 20.027794 seconds.
  path: Assets/Scenes/Question_3.unity
  artifactKey: Guid(3096aeb8043fdb745a5d40f194a8daa8) Importer(815301076,1909f56bfc062723c751e8b465ee728b)
Start importing Assets/Scenes/Question_3.unity using Guid(3096aeb8043fdb745a5d40f194a8daa8) Importer(815301076,1909f56bfc062723c751e8b465ee728b)  -> (artifact id: '61b5921e4b104a97df6cee72e1ccc624') in 0.018370 seconds
  Import took 0.023940 seconds .

========================================================================
Received Import Request.
  Time since last request: 20.731368 seconds.
  path: Assets/Scenes/Question_3.unity
  artifactKey: Guid(3096aeb8043fdb745a5d40f194a8daa8) Importer(815301076,1909f56bfc062723c751e8b465ee728b)
Start importing Assets/Scenes/Question_3.unity using Guid(3096aeb8043fdb745a5d40f194a8daa8) Importer(815301076,1909f56bfc062723c751e8b465ee728b)  -> (artifact id: 'd11bb025e0c3c424b4adc23bd905353e') in 0.013066 seconds
  Import took 0.018856 seconds .

========================================================================
Received Prepare
Refreshing native plugins compatible for Editor in 2.94 ms, found 2 plugins.
Preloading 0 native plugins for Editor in 0.00 ms.
Unloading 12 Unused Serialized files (Serialized files now loaded: 0)
System memory in use before: 37.7 MB.
System memory in use after: 37.8 MB.

Unloading 12 unused Assets to reduce memory usage. Loaded Objects now: 1835.
Total: 3.782500 ms (FindLiveObjects: 0.181300 ms CreateObjectMapping: 0.061700 ms MarkObjects: 3.427500 ms  DeleteObjects: 0.110400 ms)

========================================================================
Received Import Request.
  Time since last request: 178.877991 seconds.
  path: Assets/Scenes/Question_4.unity
  artifactKey: Guid(9fc0d4010bbf28b4594072e72b8655ab) Importer(815301076,1909f56bfc062723c751e8b465ee728b)
Start importing Assets/Scenes/Question_4.unity using Guid(9fc0d4010bbf28b4594072e72b8655ab) Importer(815301076,1909f56bfc062723c751e8b465ee728b)  -> (artifact id: '67c2b128b6a58d03649ddb5c6970cd5d') in 0.033167 seconds
  Import took 0.040607 seconds .

========================================================================
Received Prepare
Registering precompiled user dll's ...
Registered in 0.004517 seconds.
Begin MonoManager ReloadAssembly
Native extension for WindowsStandalone target not found
Native extension for WebGL target not found
Refreshing native plugins compatible for Editor in 0.39 ms, found 2 plugins.
Preloading 0 native plugins for Editor in 0.00 ms.
Mono: successfully reloaded assembly
- Completed reload, in  1.664 seconds
Platform modules already initialized, skipping
Refreshing native plugins compatible for Editor in 0.49 ms, found 2 plugins.
Preloading 0 native plugins for Editor in 0.00 ms.
Unloading 1390 Unused Serialized files (Serialized files now loaded: 0)
System memory in use before: 65.0 MB.
System memory in use after: 65.1 MB.

Unloading 14 unused Assets to reduce memory usage. Loaded Objects now: 1838.
Total: 8.315200 ms (FindLiveObjects: 0.297000 ms CreateObjectMapping: 0.107600 ms MarkObjects: 7.804800 ms  DeleteObjects: 0.103800 ms)

========================================================================
Received Prepare
Registering precompiled user dll's ...
Registered in 0.004598 seconds.
Begin MonoManager ReloadAssembly
Native extension for WindowsStandalone target not found
Native extension for WebGL target not found
Refreshing native plugins compatible for Editor in 0.41 ms, found 2 plugins.
Preloading 0 native plugins for Editor in 0.00 ms.
Mono: successfully reloaded assembly
- Completed reload, in  1.700 seconds
Platform modules already initialized, skipping
Refreshing native plugins compatible for Editor in 0.57 ms, found 2 plugins.
Preloading 0 native plugins for Editor in 0.00 ms.
Unloading 1390 Unused Serialized files (Serialized files now loaded: 0)
System memory in use before: 65.0 MB.
System memory in use after: 65.1 MB.

Unloading 14 unused Assets to reduce memory usage. Loaded Objects now: 1841.
Total: 3.002000 ms (FindLiveObjects: 0.190200 ms CreateObjectMapping: 0.060200 ms MarkObjects: 2.676300 ms  DeleteObjects: 0.074000 ms)

========================================================================
Received Prepare
Refreshing native plugins compatible for Editor in 4.56 ms, found 2 plugins.
Preloading 0 native plugins for Editor in 0.00 ms.
Unloading 12 Unused Serialized files (Serialized files now loaded: 0)
System memory in use before: 37.7 MB.
System memory in use after: 37.8 MB.

Unloading 12 unused Assets to reduce memory usage. Loaded Objects now: 1841.
Total: 3.847000 ms (FindLiveObjects: 0.281100 ms CreateObjectMapping: 0.105000 ms MarkObjects: 3.357600 ms  DeleteObjects: 0.101800 ms)

========================================================================
Received Prepare
Registering precompiled user dll's ...
Registered in 0.004472 seconds.
Begin MonoManager ReloadAssembly
Native extension for WindowsStandalone target not found
Native extension for WebGL target not found
Refreshing native plugins compatible for Editor in 0.89 ms, found 2 plugins.
Preloading 0 native plugins for Editor in 0.00 ms.
Mono: successfully reloaded assembly
- Completed reload, in  2.079 seconds
Platform modules already initialized, skipping
Refreshing native plugins compatible for Editor in 0.39 ms, found 2 plugins.
Preloading 0 native plugins for Editor in 0.00 ms.
Unloading 1390 Unused Serialized files (Serialized files now loaded: 0)
System memory in use before: 65.0 MB.
System memory in use after: 65.1 MB.

Unloading 14 unused Assets to reduce memory usage. Loaded Objects now: 1844.
Total: 2.889400 ms (FindLiveObjects: 0.189100 ms CreateObjectMapping: 0.067400 ms MarkObjects: 2.533000 ms  DeleteObjects: 0.098100 ms)

========================================================================
Received Prepare
Refreshing native plugins compatible for Editor in 5.76 ms, found 2 plugins.
Preloading 0 native plugins for Editor in 0.00 ms.
Unloading 12 Unused Serialized files (Serialized files now loaded: 0)
System memory in use before: 37.7 MB.
System memory in use after: 37.8 MB.

Unloading 12 unused Assets to reduce memory usage. Loaded Objects now: 1844.
Total: 8.970900 ms (FindLiveObjects: 0.268600 ms CreateObjectMapping: 0.197500 ms MarkObjects: 8.413100 ms  DeleteObjects: 0.090200 ms)

AssetImportWorkerClient::OnTransportError - code=2 error=End of file
