Using pre-set license
Built from '2020.3/staging' branch; Version is '2020.3.11f1 (99c7afb366b3) revision 10078127'; Using compiler version '192528614'; Build Type 'Release'
OS: 'Windows 10 Pro; OS build 19042.1110; Version 2009; 64bit' Language: 'en' Physical Memory: 12178 MB
BatchMode: 1, IsHumanControllingUs: 0, StartBugReporterOnCrash: 0, Is64bit: 1, IsPro: 0

 COMMAND LINE ARGUMENTS:
C:\Program Files\Unity\Hub\Editor\2020.3.11f1\Editor\Unity.exe
-adb2
-batchMode
-noUpm
-name
AssetImportWorker0
-projectPath
E:/new projects/new gethub repo/Dynamic_UI_Unity3d/Dynamic_UI_Unity3d
-logFile
Logs/AssetImportWorker0.log
-srvPort
63863
Successfully changed project path to: E:/new projects/new gethub repo/Dynamic_UI_Unity3d/Dynamic_UI_Unity3d
E:/new projects/new gethub repo/Dynamic_UI_Unity3d/Dynamic_UI_Unity3d
Using Asset Import Pipeline V2.
Refreshing native plugins compatible for Editor in 46.02 ms, found 2 plugins.
Preloading 0 native plugins for Editor in 0.00 ms.
Initialize engine version: 2020.3.11f1 (99c7afb366b3)
[Subsystems] Discovering subsystems at path C:/Program Files/Unity/Hub/Editor/2020.3.11f1/Editor/Data/Resources/UnitySubsystems
[Subsystems] Discovering subsystems at path E:/new projects/new gethub repo/Dynamic_UI_Unity3d/Dynamic_UI_Unity3d/Assets
GfxDevice: creating device client; threaded=0
Direct3D:
    Version:  Direct3D 11.0 [level 11.1]
    Renderer: AMD Radeon(TM) R5 M430 (ID=0x6660)
    Vendor:   
    VRAM:     2039 MB
    Driver:   22.19.128.5
Initialize mono
Mono path[0] = 'C:/Program Files/Unity/Hub/Editor/2020.3.11f1/Editor/Data/Managed'
Mono path[1] = 'C:/Program Files/Unity/Hub/Editor/2020.3.11f1/Editor/Data/MonoBleedingEdge/lib/mono/unityjit'
Mono config path = 'C:/Program Files/Unity/Hub/Editor/2020.3.11f1/Editor/Data/MonoBleedingEdge/etc'
Using monoOptions --debugger-agent=transport=dt_socket,embedding=1,server=y,suspend=n,address=127.0.0.1:56928
Begin MonoManager ReloadAssembly
Registering precompiled unity dll's ...
Register platform support module: C:/Program Files/Unity/Hub/Editor/2020.3.11f1/Editor/Data/PlaybackEngines/WebGLSupport/UnityEditor.WebGL.Extensions.dll
Register platform support module: C:/Program Files/Unity/Hub/Editor/2020.3.11f1/Editor/Data/PlaybackEngines/WindowsStandaloneSupport/UnityEditor.WindowsStandalone.Extensions.dll
Registered in 0.003877 seconds.
Native extension for WindowsStandalone target not found
Native extension for WebGL target not found
Refreshing native plugins compatible for Editor in 36.77 ms, found 2 plugins.
Preloading 0 native plugins for Editor in 0.00 ms.
Mono: successfully reloaded assembly
- Completed reload, in  2.708 seconds
Platform modules already initialized, skipping
Registering precompiled user dll's ...
Registered in 0.004502 seconds.
Begin MonoManager ReloadAssembly
Native extension for WindowsStandalone target not found
Native extension for WebGL target not found
Refreshing native plugins compatible for Editor in 0.38 ms, found 2 plugins.
Preloading 0 native plugins for Editor in 0.00 ms.
Mono: successfully reloaded assembly
- Completed reload, in  1.473 seconds
Platform modules already initialized, skipping
========================================================================
Worker process is ready to serve import requests
Launched and connected shader compiler UnityShaderCompiler.exe after 0.08 seconds
Refreshing native plugins compatible for Editor in 0.43 ms, found 2 plugins.
Preloading 0 native plugins for Editor in 0.00 ms.
Unloading 1394 Unused Serialized files (Serialized files now loaded: 0)
System memory in use before: 64.9 MB.
System memory in use after: 65.0 MB.

Unloading 19 unused Assets to reduce memory usage. Loaded Objects now: 1828.
Total: 2.841700 ms (FindLiveObjects: 0.178300 ms CreateObjectMapping: 0.062300 ms MarkObjects: 2.414700 ms  DeleteObjects: 0.183900 ms)

========================================================================
Received Import Request.
  path: Assets/Scenes/Question_2.unity
  artifactKey: Guid(710615dd571385e478c4580c678c15f4) Importer(815301076,1909f56bfc062723c751e8b465ee728b)
Start importing Assets/Scenes/Question_2.unity using Guid(710615dd571385e478c4580c678c15f4) Importer(815301076,1909f56bfc062723c751e8b465ee728b)  -> (artifact id: 'd1c48edfba081880f03a61e80f73db74') in 0.029933 seconds
  Import took 0.033310 seconds .

========================================================================
Received Prepare
Registering precompiled user dll's ...
Registered in 0.007357 seconds.
Begin MonoManager ReloadAssembly
Native extension for WindowsStandalone target not found
Native extension for WebGL target not found
Refreshing native plugins compatible for Editor in 1.03 ms, found 2 plugins.
Preloading 0 native plugins for Editor in 0.00 ms.
Mono: successfully reloaded assembly
- Completed reload, in  1.946 seconds
Platform modules already initialized, skipping
Refreshing native plugins compatible for Editor in 0.62 ms, found 2 plugins.
Preloading 0 native plugins for Editor in 0.00 ms.
Unloading 1389 Unused Serialized files (Serialized files now loaded: 0)
System memory in use before: 64.9 MB.
System memory in use after: 65.0 MB.

Unloading 14 unused Assets to reduce memory usage. Loaded Objects now: 1831.
Total: 3.567200 ms (FindLiveObjects: 0.269600 ms CreateObjectMapping: 0.098000 ms MarkObjects: 3.088000 ms  DeleteObjects: 0.109200 ms)

========================================================================
Received Prepare
Registering precompiled user dll's ...
Registered in 0.010480 seconds.
Begin MonoManager ReloadAssembly
Native extension for WindowsStandalone target not found
Native extension for WebGL target not found
Refreshing native plugins compatible for Editor in 0.40 ms, found 2 plugins.
Preloading 0 native plugins for Editor in 0.00 ms.
Mono: successfully reloaded assembly
- Completed reload, in  5.191 seconds
Platform modules already initialized, skipping
Refreshing native plugins compatible for Editor in 0.62 ms, found 2 plugins.
Preloading 0 native plugins for Editor in 0.00 ms.
Unloading 1389 Unused Serialized files (Serialized files now loaded: 0)
System memory in use before: 64.9 MB.
System memory in use after: 65.0 MB.

Unloading 14 unused Assets to reduce memory usage. Loaded Objects now: 1834.
Total: 2.520900 ms (FindLiveObjects: 0.186700 ms CreateObjectMapping: 0.061400 ms MarkObjects: 2.192900 ms  DeleteObjects: 0.078500 ms)

========================================================================
Received Prepare
Registering precompiled user dll's ...
Registered in 0.007312 seconds.
Begin MonoManager ReloadAssembly
Native extension for WindowsStandalone target not found
Native extension for WebGL target not found
Refreshing native plugins compatible for Editor in 1.12 ms, found 2 plugins.
Preloading 0 native plugins for Editor in 0.00 ms.
Mono: successfully reloaded assembly
- Completed reload, in  5.134 seconds
Platform modules already initialized, skipping
Refreshing native plugins compatible for Editor in 0.48 ms, found 2 plugins.
Preloading 0 native plugins for Editor in 0.00 ms.
Unloading 1389 Unused Serialized files (Serialized files now loaded: 0)
System memory in use before: 64.9 MB.
System memory in use after: 65.0 MB.

Unloading 14 unused Assets to reduce memory usage. Loaded Objects now: 1837.
Total: 4.031000 ms (FindLiveObjects: 0.263400 ms CreateObjectMapping: 0.102100 ms MarkObjects: 3.590100 ms  DeleteObjects: 0.073300 ms)

========================================================================
Received Import Request.
  Time since last request: 379.545795 seconds.
  path: Assets/Script/dynamic_ui_scripts/json_controller.cs
  artifactKey: Guid(f46c847795b93e6458018904b43a947b) Importer(815301076,1909f56bfc062723c751e8b465ee728b)
Start importing Assets/Script/dynamic_ui_scripts/json_controller.cs using Guid(f46c847795b93e6458018904b43a947b) Importer(815301076,1909f56bfc062723c751e8b465ee728b)  -> (artifact id: '77dd75941fba87e63fef029ff2670230') in 0.101615 seconds
  Import took 0.107032 seconds .

========================================================================
Received Import Request.
  Time since last request: 38.724958 seconds.
  path: Assets/Script/Question_4
  artifactKey: Guid(85ae5805ff166e148a131d719e6cff95) Importer(815301076,1909f56bfc062723c751e8b465ee728b)
Start importing Assets/Script/Question_4 using Guid(85ae5805ff166e148a131d719e6cff95) Importer(815301076,1909f56bfc062723c751e8b465ee728b)  -> (artifact id: 'f279f049a0fdfbabd7208830e1949b8a') in 0.021076 seconds
  Import took 0.025919 seconds .

========================================================================
Received Prepare
Registering precompiled user dll's ...
Registered in 0.012404 seconds.
Begin MonoManager ReloadAssembly
Native extension for WindowsStandalone target not found
Native extension for WebGL target not found
Refreshing native plugins compatible for Editor in 0.39 ms, found 2 plugins.
Preloading 0 native plugins for Editor in 0.00 ms.
Mono: successfully reloaded assembly
- Completed reload, in  1.836 seconds
Platform modules already initialized, skipping
Refreshing native plugins compatible for Editor in 0.42 ms, found 2 plugins.
Preloading 0 native plugins for Editor in 0.00 ms.
Unloading 1389 Unused Serialized files (Serialized files now loaded: 0)
System memory in use before: 65.0 MB.
System memory in use after: 65.0 MB.

Unloading 14 unused Assets to reduce memory usage. Loaded Objects now: 1840.
Total: 4.800600 ms (FindLiveObjects: 0.678300 ms CreateObjectMapping: 0.123100 ms MarkObjects: 3.885200 ms  DeleteObjects: 0.111600 ms)

========================================================================
Received Import Request.
  Time since last request: 14.213313 seconds.
  path: Assets/Script/Question_4_script
  artifactKey: Guid(85ae5805ff166e148a131d719e6cff95) Importer(815301076,1909f56bfc062723c751e8b465ee728b)
Start importing Assets/Script/Question_4_script using Guid(85ae5805ff166e148a131d719e6cff95) Importer(815301076,1909f56bfc062723c751e8b465ee728b)  -> (artifact id: 'f9a8c2e672bcc6b4fc3109b2cf3c55cd') in 0.027662 seconds
  Import took 0.031828 seconds .

========================================================================
Received Prepare
Registering precompiled user dll's ...
Registered in 0.004204 seconds.
Begin MonoManager ReloadAssembly
Native extension for WindowsStandalone target not found
Native extension for WebGL target not found
Refreshing native plugins compatible for Editor in 0.40 ms, found 2 plugins.
Preloading 0 native plugins for Editor in 0.00 ms.
Mono: successfully reloaded assembly
- Completed reload, in  1.563 seconds
Platform modules already initialized, skipping
Refreshing native plugins compatible for Editor in 0.70 ms, found 2 plugins.
Preloading 0 native plugins for Editor in 0.00 ms.
Unloading 1389 Unused Serialized files (Serialized files now loaded: 0)
System memory in use before: 65.0 MB.
System memory in use after: 65.0 MB.

Unloading 14 unused Assets to reduce memory usage. Loaded Objects now: 1843.
Total: 3.112900 ms (FindLiveObjects: 0.193900 ms CreateObjectMapping: 0.064000 ms MarkObjects: 2.779700 ms  DeleteObjects: 0.073800 ms)

========================================================================
Received Prepare
Registering precompiled user dll's ...
Registered in 0.005659 seconds.
Begin MonoManager ReloadAssembly
Native extension for WindowsStandalone target not found
Native extension for WebGL target not found
Refreshing native plugins compatible for Editor in 0.50 ms, found 2 plugins.
Preloading 0 native plugins for Editor in 0.00 ms.
Mono: successfully reloaded assembly
- Completed reload, in  1.516 seconds
Platform modules already initialized, skipping
Refreshing native plugins compatible for Editor in 0.44 ms, found 2 plugins.
Preloading 0 native plugins for Editor in 0.00 ms.
Unloading 1389 Unused Serialized files (Serialized files now loaded: 0)
System memory in use before: 65.0 MB.
System memory in use after: 65.0 MB.

Unloading 14 unused Assets to reduce memory usage. Loaded Objects now: 1846.
Total: 2.850500 ms (FindLiveObjects: 0.162400 ms CreateObjectMapping: 0.054200 ms MarkObjects: 2.532900 ms  DeleteObjects: 0.099800 ms)

========================================================================
Received Import Request.
  Time since last request: 510.249131 seconds.
  path: Assets/Script/main.cs
  artifactKey: Guid(5f2e4fb415a903c47971692c5cd735de) Importer(815301076,1909f56bfc062723c751e8b465ee728b)
Start importing Assets/Script/main.cs using Guid(5f2e4fb415a903c47971692c5cd735de) Importer(815301076,1909f56bfc062723c751e8b465ee728b)  -> (artifact id: '029f453249a7a0d497e9f83aa8d40b8d') in 0.059361 seconds
  Import took 0.069243 seconds .

========================================================================
Received Prepare
Registering precompiled user dll's ...
Registered in 0.005748 seconds.
Begin MonoManager ReloadAssembly
Native extension for WindowsStandalone target not found
Native extension for WebGL target not found
Refreshing native plugins compatible for Editor in 0.63 ms, found 2 plugins.
Preloading 0 native plugins for Editor in 0.00 ms.
Mono: successfully reloaded assembly
- Completed reload, in  2.539 seconds
Platform modules already initialized, skipping
Refreshing native plugins compatible for Editor in 0.62 ms, found 2 plugins.
Preloading 0 native plugins for Editor in 0.00 ms.
Unloading 1390 Unused Serialized files (Serialized files now loaded: 0)
System memory in use before: 65.0 MB.
System memory in use after: 65.1 MB.

Unloading 14 unused Assets to reduce memory usage. Loaded Objects now: 1850.
Total: 3.803900 ms (FindLiveObjects: 0.193200 ms CreateObjectMapping: 0.065400 ms MarkObjects: 3.461600 ms  DeleteObjects: 0.081700 ms)

========================================================================
Received Import Request.
  Time since last request: 139.092907 seconds.
  path: Assets/Scenes/Question_1.unity
  artifactKey: Guid(075f660fab5df554997790e1fb324db0) Importer(815301076,1909f56bfc062723c751e8b465ee728b)
Start importing Assets/Scenes/Question_1.unity using Guid(075f660fab5df554997790e1fb324db0) Importer(815301076,1909f56bfc062723c751e8b465ee728b)  -> (artifact id: '322ec909dd3b3eaf8408c0648cb8befd') in 0.033327 seconds
  Import took 0.038156 seconds .

========================================================================
Received Prepare
Registering precompiled user dll's ...
Registered in 0.011225 seconds.
Begin MonoManager ReloadAssembly
Native extension for WindowsStandalone target not found
Native extension for WebGL target not found
Refreshing native plugins compatible for Editor in 0.71 ms, found 2 plugins.
Preloading 0 native plugins for Editor in 0.00 ms.
Mono: successfully reloaded assembly
- Completed reload, in  2.556 seconds
Platform modules already initialized, skipping
Refreshing native plugins compatible for Editor in 0.39 ms, found 2 plugins.
Preloading 0 native plugins for Editor in 0.00 ms.
Unloading 1390 Unused Serialized files (Serialized files now loaded: 0)
System memory in use before: 65.0 MB.
System memory in use after: 65.1 MB.

Unloading 14 unused Assets to reduce memory usage. Loaded Objects now: 1853.
Total: 4.914800 ms (FindLiveObjects: 0.428200 ms CreateObjectMapping: 0.303700 ms MarkObjects: 4.052900 ms  DeleteObjects: 0.127400 ms)

========================================================================
Received Prepare
Registering precompiled user dll's ...
Registered in 0.007458 seconds.
Begin MonoManager ReloadAssembly
Native extension for WindowsStandalone target not found
Native extension for WebGL target not found
Refreshing native plugins compatible for Editor in 0.47 ms, found 2 plugins.
Preloading 0 native plugins for Editor in 0.00 ms.
Mono: successfully reloaded assembly
- Completed reload, in  1.956 seconds
Platform modules already initialized, skipping
Refreshing native plugins compatible for Editor in 0.39 ms, found 2 plugins.
Preloading 0 native plugins for Editor in 0.00 ms.
Unloading 1390 Unused Serialized files (Serialized files now loaded: 0)
System memory in use before: 65.0 MB.
System memory in use after: 65.1 MB.

Unloading 14 unused Assets to reduce memory usage. Loaded Objects now: 1856.
Total: 3.343500 ms (FindLiveObjects: 0.281400 ms CreateObjectMapping: 0.072400 ms MarkObjects: 2.890200 ms  DeleteObjects: 0.097500 ms)

========================================================================
Received Prepare
Registering precompiled user dll's ...
Registered in 0.005269 seconds.
Begin MonoManager ReloadAssembly
Native extension for WindowsStandalone target not found
Native extension for WebGL target not found
Refreshing native plugins compatible for Editor in 0.34 ms, found 2 plugins.
Preloading 0 native plugins for Editor in 0.00 ms.
Mono: successfully reloaded assembly
- Completed reload, in  1.499 seconds
Platform modules already initialized, skipping
Refreshing native plugins compatible for Editor in 0.63 ms, found 2 plugins.
Preloading 0 native plugins for Editor in 0.00 ms.
Unloading 1390 Unused Serialized files (Serialized files now loaded: 0)
System memory in use before: 65.0 MB.
System memory in use after: 65.1 MB.

Unloading 14 unused Assets to reduce memory usage. Loaded Objects now: 1859.
Total: 2.925300 ms (FindLiveObjects: 0.281800 ms CreateObjectMapping: 0.094600 ms MarkObjects: 2.466000 ms  DeleteObjects: 0.080800 ms)

========================================================================
Received Import Request.
  Time since last request: 222.533200 seconds.
  path: Assets/Script/Question_4_script/UI_setup.cs
  artifactKey: Guid(1f750f173aa67234880bfd2d934c4338) Importer(815301076,1909f56bfc062723c751e8b465ee728b)
Start importing Assets/Script/Question_4_script/UI_setup.cs using Guid(1f750f173aa67234880bfd2d934c4338) Importer(815301076,1909f56bfc062723c751e8b465ee728b)  -> (artifact id: '84a850eebea224f3fd7a709541ff76ef') in 0.016878 seconds
  Import took 0.022514 seconds .

========================================================================
Received Prepare
Registering precompiled user dll's ...
Registered in 0.006620 seconds.
Begin MonoManager ReloadAssembly
Native extension for WindowsStandalone target not found
Native extension for WebGL target not found
Refreshing native plugins compatible for Editor in 0.38 ms, found 2 plugins.
Preloading 0 native plugins for Editor in 0.00 ms.
Mono: successfully reloaded assembly
- Completed reload, in  1.469 seconds
Platform modules already initialized, skipping
Refreshing native plugins compatible for Editor in 0.34 ms, found 2 plugins.
Preloading 0 native plugins for Editor in 0.00 ms.
Unloading 1390 Unused Serialized files (Serialized files now loaded: 0)
System memory in use before: 65.0 MB.
System memory in use after: 65.1 MB.

Unloading 14 unused Assets to reduce memory usage. Loaded Objects now: 1862.
Total: 3.060300 ms (FindLiveObjects: 0.305200 ms CreateObjectMapping: 0.083400 ms MarkObjects: 2.565300 ms  DeleteObjects: 0.104100 ms)

========================================================================
Received Prepare
Registering precompiled user dll's ...
Registered in 0.004855 seconds.
Begin MonoManager ReloadAssembly
Native extension for WindowsStandalone target not found
Native extension for WebGL target not found
Refreshing native plugins compatible for Editor in 0.73 ms, found 2 plugins.
Preloading 0 native plugins for Editor in 0.00 ms.
Mono: successfully reloaded assembly
- Completed reload, in  3.859 seconds
Platform modules already initialized, skipping
Refreshing native plugins compatible for Editor in 0.61 ms, found 2 plugins.
Preloading 0 native plugins for Editor in 0.00 ms.
Unloading 1390 Unused Serialized files (Serialized files now loaded: 0)
System memory in use before: 65.0 MB.
System memory in use after: 65.1 MB.

Unloading 14 unused Assets to reduce memory usage. Loaded Objects now: 1865.
Total: 3.419800 ms (FindLiveObjects: 0.185400 ms CreateObjectMapping: 0.066200 ms MarkObjects: 3.059500 ms  DeleteObjects: 0.106100 ms)

========================================================================
Received Import Request.
  Time since last request: 104.081140 seconds.
  path: Assets/Scenes/Question_2.unity
  artifactKey: Guid(710615dd571385e478c4580c678c15f4) Importer(815301076,1909f56bfc062723c751e8b465ee728b)
Start importing Assets/Scenes/Question_2.unity using Guid(710615dd571385e478c4580c678c15f4) Importer(815301076,1909f56bfc062723c751e8b465ee728b)  -> (artifact id: '206ada80afd0eefa4d32a1b0dd7755d3') in 0.022835 seconds
  Import took 0.026974 seconds .

========================================================================
Received Import Request.
  Time since last request: 33.639354 seconds.
  path: Assets/Scenes/Question_1.unity
  artifactKey: Guid(075f660fab5df554997790e1fb324db0) Importer(815301076,1909f56bfc062723c751e8b465ee728b)
Start importing Assets/Scenes/Question_1.unity using Guid(075f660fab5df554997790e1fb324db0) Importer(815301076,1909f56bfc062723c751e8b465ee728b)  -> (artifact id: 'ff1a02262f6ea401b05919046d3cbbba') in 0.016892 seconds
  Import took 0.021888 seconds .

========================================================================
Received Import Request.
  Time since last request: 26.109349 seconds.
  path: Assets/Scenes/Question_2.unity
  artifactKey: Guid(710615dd571385e478c4580c678c15f4) Importer(815301076,1909f56bfc062723c751e8b465ee728b)
Start importing Assets/Scenes/Question_2.unity using Guid(710615dd571385e478c4580c678c15f4) Importer(815301076,1909f56bfc062723c751e8b465ee728b)  -> (artifact id: '624f743ec4e13010927557aae7124b19') in 0.017114 seconds
  Import took 0.020874 seconds .

========================================================================
Received Import Request.
  Time since last request: 0.013489 seconds.
  path: Assets/Scenes/Question_2.unity
  artifactKey: Guid(710615dd571385e478c4580c678c15f4) Importer(815301076,1909f56bfc062723c751e8b465ee728b)
Start importing Assets/Scenes/Question_2.unity using Guid(710615dd571385e478c4580c678c15f4) Importer(815301076,1909f56bfc062723c751e8b465ee728b)  -> (artifact id: '624f743ec4e13010927557aae7124b19') in 0.013375 seconds
  Import took 0.027368 seconds .

========================================================================
Received Import Request.
  Time since last request: 14.820932 seconds.
  path: Assets/Scenes/Question_2.unity
  artifactKey: Guid(710615dd571385e478c4580c678c15f4) Importer(815301076,1909f56bfc062723c751e8b465ee728b)
Start importing Assets/Scenes/Question_2.unity using Guid(710615dd571385e478c4580c678c15f4) Importer(815301076,1909f56bfc062723c751e8b465ee728b)  -> (artifact id: '334316883553b8bbc8cd70dd88d826e3') in 0.030950 seconds
  Import took 0.043258 seconds .

========================================================================
Received Import Request.
  Time since last request: 0.002001 seconds.
  path: Assets/Scenes/Question_2.unity
  artifactKey: Guid(710615dd571385e478c4580c678c15f4) Importer(815301076,1909f56bfc062723c751e8b465ee728b)
Start importing Assets/Scenes/Question_2.unity using Guid(710615dd571385e478c4580c678c15f4) Importer(815301076,1909f56bfc062723c751e8b465ee728b)  -> (artifact id: '334316883553b8bbc8cd70dd88d826e3') in 0.016249 seconds
  Import took 0.020895 seconds .

========================================================================
Received Import Request.
  Time since last request: 19.273297 seconds.
  path: Assets/Scenes/Question_3.unity
  artifactKey: Guid(3096aeb8043fdb745a5d40f194a8daa8) Importer(815301076,1909f56bfc062723c751e8b465ee728b)
Start importing Assets/Scenes/Question_3.unity using Guid(3096aeb8043fdb745a5d40f194a8daa8) Importer(815301076,1909f56bfc062723c751e8b465ee728b)  -> (artifact id: 'ebfcdb11b3dbd41ccf2605508119627e') in 0.028236 seconds
  Import took 0.033647 seconds .

========================================================================
Received Import Request.
  Time since last request: 0.005547 seconds.
  path: Assets/Scenes/Question_3.unity
  artifactKey: Guid(3096aeb8043fdb745a5d40f194a8daa8) Importer(815301076,1909f56bfc062723c751e8b465ee728b)
Start importing Assets/Scenes/Question_3.unity using Guid(3096aeb8043fdb745a5d40f194a8daa8) Importer(815301076,1909f56bfc062723c751e8b465ee728b)  -> (artifact id: 'ebfcdb11b3dbd41ccf2605508119627e') in 0.020851 seconds
  Import took 0.031638 seconds .

========================================================================
Received Import Request.
  Time since last request: 10.298806 seconds.
  path: Assets/Scenes/Question_4.unity
  artifactKey: Guid(9fc0d4010bbf28b4594072e72b8655ab) Importer(815301076,1909f56bfc062723c751e8b465ee728b)
Start importing Assets/Scenes/Question_4.unity using Guid(9fc0d4010bbf28b4594072e72b8655ab) Importer(815301076,1909f56bfc062723c751e8b465ee728b)  -> (artifact id: 'd85fb1f9ca4c5b11964ba8701d065a73') in 0.016186 seconds
  Import took 0.020209 seconds .

========================================================================
Received Import Request.
  Time since last request: 19.596692 seconds.
  path: Assets/Scenes/Question_1.unity
  artifactKey: Guid(075f660fab5df554997790e1fb324db0) Importer(815301076,1909f56bfc062723c751e8b465ee728b)
Start importing Assets/Scenes/Question_1.unity using Guid(075f660fab5df554997790e1fb324db0) Importer(815301076,1909f56bfc062723c751e8b465ee728b)  -> (artifact id: '9fbd1b2a5d40cf1163ebde1c2ea366c4') in 0.016985 seconds
  Import took 0.021401 seconds .

========================================================================
Received Import Request.
  Time since last request: 0.001410 seconds.
  path: Assets/Scenes/Question_1.unity
  artifactKey: Guid(075f660fab5df554997790e1fb324db0) Importer(815301076,1909f56bfc062723c751e8b465ee728b)
Start importing Assets/Scenes/Question_1.unity using Guid(075f660fab5df554997790e1fb324db0) Importer(815301076,1909f56bfc062723c751e8b465ee728b)  -> (artifact id: '9fbd1b2a5d40cf1163ebde1c2ea366c4') in 0.025989 seconds
  Import took 0.036231 seconds .

========================================================================
Received Import Request.
  Time since last request: 19.258227 seconds.
  path: Assets/Scenes/Question_3.unity
  artifactKey: Guid(3096aeb8043fdb745a5d40f194a8daa8) Importer(815301076,1909f56bfc062723c751e8b465ee728b)
Start importing Assets/Scenes/Question_3.unity using Guid(3096aeb8043fdb745a5d40f194a8daa8) Importer(815301076,1909f56bfc062723c751e8b465ee728b)  -> (artifact id: 'ce8d68cc985f825ff4c55966ee747091') in 0.015509 seconds
  Import took 0.019187 seconds .

========================================================================
Received Import Request.
  Time since last request: 5.407158 seconds.
  path: Assets/Scenes/Question_4.unity
  artifactKey: Guid(9fc0d4010bbf28b4594072e72b8655ab) Importer(815301076,1909f56bfc062723c751e8b465ee728b)
Start importing Assets/Scenes/Question_4.unity using Guid(9fc0d4010bbf28b4594072e72b8655ab) Importer(815301076,1909f56bfc062723c751e8b465ee728b)  -> (artifact id: '7ee1deb15f6267f6ab645740fe141a47') in 0.014857 seconds
  Import took 0.018986 seconds .

========================================================================
Received Import Request.
  Time since last request: 6.031504 seconds.
  path: Assets/Scenes/main.unity
  artifactKey: Guid(cbbafa97716835e4cb5455cfd86ae9a0) Importer(815301076,1909f56bfc062723c751e8b465ee728b)
Start importing Assets/Scenes/main.unity using Guid(cbbafa97716835e4cb5455cfd86ae9a0) Importer(815301076,1909f56bfc062723c751e8b465ee728b)  -> (artifact id: 'ca0fa9d9069683218b6ea1eb5018e9fe') in 0.021265 seconds
  Import took 0.028783 seconds .

========================================================================
Received Import Request.
  Time since last request: 0.005306 seconds.
  path: Assets/Scenes/main.unity
  artifactKey: Guid(cbbafa97716835e4cb5455cfd86ae9a0) Importer(815301076,1909f56bfc062723c751e8b465ee728b)
Start importing Assets/Scenes/main.unity using Guid(cbbafa97716835e4cb5455cfd86ae9a0) Importer(815301076,1909f56bfc062723c751e8b465ee728b)  -> (artifact id: 'ca0fa9d9069683218b6ea1eb5018e9fe') in 0.012443 seconds
  Import took 0.023565 seconds .

========================================================================
Received Prepare
Registering precompiled user dll's ...
Registered in 0.004181 seconds.
Begin MonoManager ReloadAssembly
Native extension for WindowsStandalone target not found
Native extension for WebGL target not found
Refreshing native plugins compatible for Editor in 1.74 ms, found 2 plugins.
Preloading 0 native plugins for Editor in 0.00 ms.
Mono: successfully reloaded assembly
- Completed reload, in  1.486 seconds
Platform modules already initialized, skipping
Refreshing native plugins compatible for Editor in 0.55 ms, found 2 plugins.
Preloading 0 native plugins for Editor in 0.00 ms.
Unloading 1390 Unused Serialized files (Serialized files now loaded: 0)
System memory in use before: 65.1 MB.
System memory in use after: 65.2 MB.

Unloading 14 unused Assets to reduce memory usage. Loaded Objects now: 1868.
Total: 2.564200 ms (FindLiveObjects: 0.184100 ms CreateObjectMapping: 0.060700 ms MarkObjects: 2.214100 ms  DeleteObjects: 0.103800 ms)

========================================================================
Received Prepare
Registering precompiled user dll's ...
Registered in 0.014427 seconds.
Begin MonoManager ReloadAssembly
Native extension for WindowsStandalone target not found
Native extension for WebGL target not found
Refreshing native plugins compatible for Editor in 0.41 ms, found 2 plugins.
Preloading 0 native plugins for Editor in 0.00 ms.
Mono: successfully reloaded assembly
- Completed reload, in  3.541 seconds
Platform modules already initialized, skipping
Refreshing native plugins compatible for Editor in 0.39 ms, found 2 plugins.
Preloading 0 native plugins for Editor in 0.00 ms.
Unloading 1390 Unused Serialized files (Serialized files now loaded: 0)
System memory in use before: 65.1 MB.
System memory in use after: 65.2 MB.

Unloading 14 unused Assets to reduce memory usage. Loaded Objects now: 1871.
Total: 3.027800 ms (FindLiveObjects: 0.195500 ms CreateObjectMapping: 0.062800 ms MarkObjects: 2.691300 ms  DeleteObjects: 0.076600 ms)

========================================================================
Received Import Request.
  Time since last request: 119.765059 seconds.
  path: Assets/Scenes/Question_2.unity
  artifactKey: Guid(710615dd571385e478c4580c678c15f4) Importer(815301076,1909f56bfc062723c751e8b465ee728b)
Start importing Assets/Scenes/Question_2.unity using Guid(710615dd571385e478c4580c678c15f4) Importer(815301076,1909f56bfc062723c751e8b465ee728b)  -> (artifact id: '7e987da7f23b11bba2d92c0bc8e4503a') in 0.027410 seconds
  Import took 0.031475 seconds .

========================================================================
Received Import Request.
  Time since last request: 0.001588 seconds.
  path: Assets/Scenes/Question_2.unity
  artifactKey: Guid(710615dd571385e478c4580c678c15f4) Importer(815301076,1909f56bfc062723c751e8b465ee728b)
Start importing Assets/Scenes/Question_2.unity using Guid(710615dd571385e478c4580c678c15f4) Importer(815301076,1909f56bfc062723c751e8b465ee728b)  -> (artifact id: '7e987da7f23b11bba2d92c0bc8e4503a') in 0.027449 seconds
  Import took 0.032510 seconds .

========================================================================
Received Import Request.
  Time since last request: 83.558803 seconds.
  path: Assets/Scenes/Question_3.unity
  artifactKey: Guid(3096aeb8043fdb745a5d40f194a8daa8) Importer(815301076,1909f56bfc062723c751e8b465ee728b)
Start importing Assets/Scenes/Question_3.unity using Guid(3096aeb8043fdb745a5d40f194a8daa8) Importer(815301076,1909f56bfc062723c751e8b465ee728b)  -> (artifact id: '05fbb6893a7189ee0bf37209e797b763') in 0.014333 seconds
  Import took 0.019870 seconds .

========================================================================
Received Import Request.
  Time since last request: 0.001355 seconds.
  path: Assets/Scenes/Question_3.unity
  artifactKey: Guid(3096aeb8043fdb745a5d40f194a8daa8) Importer(815301076,1909f56bfc062723c751e8b465ee728b)
Start importing Assets/Scenes/Question_3.unity using Guid(3096aeb8043fdb745a5d40f194a8daa8) Importer(815301076,1909f56bfc062723c751e8b465ee728b)  -> (artifact id: '05fbb6893a7189ee0bf37209e797b763') in 0.026927 seconds
  Import took 0.031886 seconds .

========================================================================
Received Import Request.
  Time since last request: 38.662178 seconds.
  path: Assets/Scenes/Question_1.unity
  artifactKey: Guid(075f660fab5df554997790e1fb324db0) Importer(815301076,1909f56bfc062723c751e8b465ee728b)
Start importing Assets/Scenes/Question_1.unity using Guid(075f660fab5df554997790e1fb324db0) Importer(815301076,1909f56bfc062723c751e8b465ee728b)  -> (artifact id: '61c4976d4bf46cb89b4626cc2ae2e80c') in 0.014122 seconds
  Import took 0.018670 seconds .

========================================================================
Received Import Request.
  Time since last request: 0.002505 seconds.
  path: Assets/Scenes/Question_1.unity
  artifactKey: Guid(075f660fab5df554997790e1fb324db0) Importer(815301076,1909f56bfc062723c751e8b465ee728b)
Start importing Assets/Scenes/Question_1.unity using Guid(075f660fab5df554997790e1fb324db0) Importer(815301076,1909f56bfc062723c751e8b465ee728b)  -> (artifact id: '61c4976d4bf46cb89b4626cc2ae2e80c') in 0.021488 seconds
  Import took 0.027430 seconds .

========================================================================
Received Import Request.
  Time since last request: 181.982821 seconds.
  path: Assets/Scenes/Question_2.unity
  artifactKey: Guid(710615dd571385e478c4580c678c15f4) Importer(815301076,1909f56bfc062723c751e8b465ee728b)
Start importing Assets/Scenes/Question_2.unity using Guid(710615dd571385e478c4580c678c15f4) Importer(815301076,1909f56bfc062723c751e8b465ee728b)  -> (artifact id: '0e66b1f818d1ab32d53fa4cd18be0ce0') in 0.065771 seconds
  Import took 0.071784 seconds .

========================================================================
Received Import Request.
  Time since last request: 27.189856 seconds.
  path: Assets/Scenes/Question_3.unity
  artifactKey: Guid(3096aeb8043fdb745a5d40f194a8daa8) Importer(815301076,1909f56bfc062723c751e8b465ee728b)
Start importing Assets/Scenes/Question_3.unity using Guid(3096aeb8043fdb745a5d40f194a8daa8) Importer(815301076,1909f56bfc062723c751e8b465ee728b)  -> (artifact id: 'fb9f28f174e3480726e473f6c0cf4d4d') in 0.059179 seconds
  Import took 0.070887 seconds .

========================================================================
Received Prepare
Registering precompiled user dll's ...
Registered in 0.005994 seconds.
Begin MonoManager ReloadAssembly
Native extension for WindowsStandalone target not found
Native extension for WebGL target not found
Refreshing native plugins compatible for Editor in 0.73 ms, found 2 plugins.
Preloading 0 native plugins for Editor in 0.00 ms.
Mono: successfully reloaded assembly
- Completed reload, in  2.039 seconds
Platform modules already initialized, skipping
Refreshing native plugins compatible for Editor in 0.64 ms, found 2 plugins.
Preloading 0 native plugins for Editor in 0.00 ms.
Unloading 1390 Unused Serialized files (Serialized files now loaded: 0)
System memory in use before: 65.1 MB.
System memory in use after: 65.2 MB.

Unloading 14 unused Assets to reduce memory usage. Loaded Objects now: 1874.
Total: 2.684600 ms (FindLiveObjects: 0.189500 ms CreateObjectMapping: 0.064200 ms MarkObjects: 2.349400 ms  DeleteObjects: 0.080100 ms)

========================================================================
Received Import Request.
  Time since last request: 55.438586 seconds.
  path: Assets/Scenes/Question_2.unity
  artifactKey: Guid(710615dd571385e478c4580c678c15f4) Importer(815301076,1909f56bfc062723c751e8b465ee728b)
Start importing Assets/Scenes/Question_2.unity using Guid(710615dd571385e478c4580c678c15f4) Importer(815301076,1909f56bfc062723c751e8b465ee728b)  -> (artifact id: '6b33a532019e6ca9fb60d5b733633024') in 0.051007 seconds
  Import took 0.056181 seconds .

========================================================================
Received Import Request.
  Time since last request: 10.380724 seconds.
  path: Assets/Scenes/Question_3.unity
  artifactKey: Guid(3096aeb8043fdb745a5d40f194a8daa8) Importer(815301076,1909f56bfc062723c751e8b465ee728b)
Start importing Assets/Scenes/Question_3.unity using Guid(3096aeb8043fdb745a5d40f194a8daa8) Importer(815301076,1909f56bfc062723c751e8b465ee728b)  -> (artifact id: '848ce46fd94f96439776494d6dbb2364') in 0.066758 seconds
  Import took 0.074456 seconds .

========================================================================
Received Import Request.
  Time since last request: 22.405392 seconds.
  path: Assets/Scenes/main.unity
  artifactKey: Guid(cbbafa97716835e4cb5455cfd86ae9a0) Importer(815301076,1909f56bfc062723c751e8b465ee728b)
Start importing Assets/Scenes/main.unity using Guid(cbbafa97716835e4cb5455cfd86ae9a0) Importer(815301076,1909f56bfc062723c751e8b465ee728b)  -> (artifact id: '4b03b1be24746120423dd8f536ea79f2') in 0.026948 seconds
  Import took 0.034016 seconds .

========================================================================
Received Prepare
Registering precompiled user dll's ...
Registered in 0.004651 seconds.
Begin MonoManager ReloadAssembly
Native extension for WindowsStandalone target not found
Native extension for WebGL target not found
Refreshing native plugins compatible for Editor in 0.40 ms, found 2 plugins.
Preloading 0 native plugins for Editor in 0.00 ms.
Mono: successfully reloaded assembly
- Completed reload, in  1.909 seconds
Platform modules already initialized, skipping
Refreshing native plugins compatible for Editor in 0.63 ms, found 2 plugins.
Preloading 0 native plugins for Editor in 0.00 ms.
Unloading 1390 Unused Serialized files (Serialized files now loaded: 0)
System memory in use before: 65.1 MB.
System memory in use after: 65.2 MB.

Unloading 14 unused Assets to reduce memory usage. Loaded Objects now: 1877.
Total: 4.370000 ms (FindLiveObjects: 0.329700 ms CreateObjectMapping: 0.110700 ms MarkObjects: 3.829700 ms  DeleteObjects: 0.097300 ms)

========================================================================
Received Import Request.
  Time since last request: 75.255045 seconds.
  path: Assets/Script/Question_2_script/Question_2_setup.cs
  artifactKey: Guid(5ea38f7c87dfd6945aa0f30c9d83c876) Importer(815301076,1909f56bfc062723c751e8b465ee728b)
Start importing Assets/Script/Question_2_script/Question_2_setup.cs using Guid(5ea38f7c87dfd6945aa0f30c9d83c876) Importer(815301076,1909f56bfc062723c751e8b465ee728b)  -> (artifact id: '65666801782a494d3f1ce4147e073068') in 0.437851 seconds
  Import took 0.445773 seconds .

========================================================================
Received Prepare
Registering precompiled user dll's ...
Registered in 0.008930 seconds.
Begin MonoManager ReloadAssembly
Native extension for WindowsStandalone target not found
Native extension for WebGL target not found
Refreshing native plugins compatible for Editor in 0.35 ms, found 2 plugins.
Preloading 0 native plugins for Editor in 0.00 ms.
Mono: successfully reloaded assembly
- Completed reload, in  1.754 seconds
Platform modules already initialized, skipping
Refreshing native plugins compatible for Editor in 0.62 ms, found 2 plugins.
Preloading 0 native plugins for Editor in 0.00 ms.
Unloading 1390 Unused Serialized files (Serialized files now loaded: 0)
System memory in use before: 65.1 MB.
System memory in use after: 65.2 MB.

Unloading 14 unused Assets to reduce memory usage. Loaded Objects now: 1880.
Total: 3.623400 ms (FindLiveObjects: 0.519800 ms CreateObjectMapping: 0.125200 ms MarkObjects: 2.900300 ms  DeleteObjects: 0.076400 ms)

========================================================================
Received Import Request.
  Time since last request: 107.041978 seconds.
  path: Assets/Script/Question_2_script/Question_2_setup.cs
  artifactKey: Guid(5ea38f7c87dfd6945aa0f30c9d83c876) Importer(815301076,1909f56bfc062723c751e8b465ee728b)
Start importing Assets/Script/Question_2_script/Question_2_setup.cs using Guid(5ea38f7c87dfd6945aa0f30c9d83c876) Importer(815301076,1909f56bfc062723c751e8b465ee728b)  -> (artifact id: '210b8ac0e4645e6a25599859240ac191') in 0.014577 seconds
  Import took 0.019355 seconds .

========================================================================
Received Import Request.
  Time since last request: 1.934621 seconds.
  path: Assets/Script/Question_2_script/Question_2_setup.cs
  artifactKey: Guid(5ea38f7c87dfd6945aa0f30c9d83c876) Importer(815301076,1909f56bfc062723c751e8b465ee728b)
Start importing Assets/Script/Question_2_script/Question_2_setup.cs using Guid(5ea38f7c87dfd6945aa0f30c9d83c876) Importer(815301076,1909f56bfc062723c751e8b465ee728b)  -> (artifact id: '210b8ac0e4645e6a25599859240ac191') in 0.006249 seconds
  Import took 0.010623 seconds .

========================================================================
Received Prepare
Registering precompiled user dll's ...
Registered in 0.006069 seconds.
Begin MonoManager ReloadAssembly
Native extension for WindowsStandalone target not found
Native extension for WebGL target not found
Refreshing native plugins compatible for Editor in 0.39 ms, found 2 plugins.
Preloading 0 native plugins for Editor in 0.00 ms.
Mono: successfully reloaded assembly
- Completed reload, in  1.826 seconds
Platform modules already initialized, skipping
Refreshing native plugins compatible for Editor in 0.39 ms, found 2 plugins.
Preloading 0 native plugins for Editor in 0.00 ms.
Unloading 1390 Unused Serialized files (Serialized files now loaded: 0)
System memory in use before: 65.1 MB.
System memory in use after: 65.2 MB.

Unloading 14 unused Assets to reduce memory usage. Loaded Objects now: 1883.
Total: 2.857500 ms (FindLiveObjects: 0.191700 ms CreateObjectMapping: 0.066900 ms MarkObjects: 2.523100 ms  DeleteObjects: 0.074000 ms)

========================================================================
Received Import Request.
  Time since last request: 90.970783 seconds.
  path: Assets/Script/Question_2_script/Question_2_setup.cs
  artifactKey: Guid(5ea38f7c87dfd6945aa0f30c9d83c876) Importer(815301076,1909f56bfc062723c751e8b465ee728b)
Start importing Assets/Script/Question_2_script/Question_2_setup.cs using Guid(5ea38f7c87dfd6945aa0f30c9d83c876) Importer(815301076,1909f56bfc062723c751e8b465ee728b)  -> (artifact id: 'd0eda72e60de2381e6f36543445c81fa') in 0.008006 seconds
  Import took 0.012228 seconds .

========================================================================
Received Prepare
Registering precompiled user dll's ...
Registered in 0.008648 seconds.
Begin MonoManager ReloadAssembly
Native extension for WindowsStandalone target not found
Native extension for WebGL target not found
Refreshing native plugins compatible for Editor in 0.84 ms, found 2 plugins.
Preloading 0 native plugins for Editor in 0.00 ms.
Mono: successfully reloaded assembly
- Completed reload, in  1.891 seconds
Platform modules already initialized, skipping
Refreshing native plugins compatible for Editor in 0.42 ms, found 2 plugins.
Preloading 0 native plugins for Editor in 0.00 ms.
Unloading 1390 Unused Serialized files (Serialized files now loaded: 0)
System memory in use before: 65.2 MB.
System memory in use after: 65.2 MB.

Unloading 14 unused Assets to reduce memory usage. Loaded Objects now: 1886.
Total: 4.788300 ms (FindLiveObjects: 0.187200 ms CreateObjectMapping: 0.064000 ms MarkObjects: 4.435700 ms  DeleteObjects: 0.099300 ms)

========================================================================
Received Import Request.
  Time since last request: 32.710439 seconds.
  path: Assets/Script/Question_2_script/Question_2_setup.cs
  artifactKey: Guid(5ea38f7c87dfd6945aa0f30c9d83c876) Importer(815301076,1909f56bfc062723c751e8b465ee728b)
Start importing Assets/Script/Question_2_script/Question_2_setup.cs using Guid(5ea38f7c87dfd6945aa0f30c9d83c876) Importer(815301076,1909f56bfc062723c751e8b465ee728b)  -> (artifact id: '32c626ab27af5b2aff9294ba88d392a6') in 0.017695 seconds
  Import took 0.022613 seconds .

========================================================================
Received Import Request.
  Time since last request: 2.211994 seconds.
  path: Assets/Script/Question_2_script/Question_2_setup.cs
  artifactKey: Guid(5ea38f7c87dfd6945aa0f30c9d83c876) Importer(815301076,1909f56bfc062723c751e8b465ee728b)
Start importing Assets/Script/Question_2_script/Question_2_setup.cs using Guid(5ea38f7c87dfd6945aa0f30c9d83c876) Importer(815301076,1909f56bfc062723c751e8b465ee728b)  -> (artifact id: '32c626ab27af5b2aff9294ba88d392a6') in 0.006902 seconds
  Import took 0.012183 seconds .

========================================================================
Received Prepare
Registering precompiled user dll's ...
Registered in 0.012995 seconds.
Begin MonoManager ReloadAssembly
Native extension for WindowsStandalone target not found
Native extension for WebGL target not found
Refreshing native plugins compatible for Editor in 0.52 ms, found 2 plugins.
Preloading 0 native plugins for Editor in 0.01 ms.
Mono: successfully reloaded assembly
- Completed reload, in  4.483 seconds
Platform modules already initialized, skipping
Refreshing native plugins compatible for Editor in 0.45 ms, found 2 plugins.
Preloading 0 native plugins for Editor in 0.00 ms.
Unloading 1390 Unused Serialized files (Serialized files now loaded: 0)
System memory in use before: 65.2 MB.
System memory in use after: 65.2 MB.

Unloading 14 unused Assets to reduce memory usage. Loaded Objects now: 1889.
Total: 8.340400 ms (FindLiveObjects: 0.352000 ms CreateObjectMapping: 3.043000 ms MarkObjects: 4.861600 ms  DeleteObjects: 0.080500 ms)

========================================================================
Received Prepare
Refreshing native plugins compatible for Editor in 10.08 ms, found 2 plugins.
Preloading 0 native plugins for Editor in 0.00 ms.
Unloading 12 Unused Serialized files (Serialized files now loaded: 0)
System memory in use before: 37.9 MB.
System memory in use after: 38.0 MB.

Unloading 12 unused Assets to reduce memory usage. Loaded Objects now: 1889.
Total: 5.002400 ms (FindLiveObjects: 0.282700 ms CreateObjectMapping: 0.115100 ms MarkObjects: 4.506400 ms  DeleteObjects: 0.095900 ms)

AssetImportWorkerClient::OnTransportError - code=2 error=End of file
